# JRE version: OpenJDK Runtime Environment (8.0_242-b01) (build 1.8.0_242-release-1644-b01)
# Java VM: OpenJDK 64-Bit Server VM (25.242-b01 mixed mode windows-amd64 compressed oops)
Heap:
 PSYoungGen      total 581120K, used 267960K [0x00000000d5580000, 0x00000000fff80000, 0x0000000100000000)
  eden space 479232K, 48% used [0x00000000d5580000,0x00000000e36be210,0x00000000f2980000)
  from space 101888K, 36% used [0x00000000f2980000,0x00000000f4df01e8,0x00000000f8d00000)
  to   space 96768K, 0% used [0x00000000fa100000,0x00000000fa100000,0x00000000fff80000)
 ParOldGen       total 375808K, used 193652K [0x0000000080000000, 0x0000000096f00000, 0x00000000d5580000)
  object space 375808K, 51% used [0x0000000080000000,0x000000008bd1d250,0x0000000096f00000)
 Metaspace       used 131858K, capacity 139532K, committed 140608K, reserved 1171456K
  class space    used 16540K, capacity 17909K, committed 18304K, reserved 1048576K
GC Heap History (10 events):
Event: 17388.028 GC heap before
{Heap before GC invocations=42 (full 8):
 PSYoungGen      total 629248K, used 629221K [0x00000000d5580000, 0x0000000100000000, 0x0000000100000000)
  eden space 584192K, 100% used [0x00000000d5580000,0x00000000f9000000,0x00000000f9000000)
  from space 45056K, 99% used [0x00000000f9000000,0x00000000fbbf9788,0x00000000fbc00000)
  to   space 69632K, 0% used [0x00000000fbc00000,0x00000000fbc00000,0x0000000100000000)
 ParOldGen       total 194048K, used 104230K [0x0000000080000000, 0x000000008bd80000, 0x00000000d5580000)
  object space 194048K, 53% used [0x0000000080000000,0x00000000865c9ac8,0x000000008bd80000)
 Metaspace       used 130808K, capacity 138680K, committed 139456K, reserved 1171456K
  class space    used 16477K, capacity 17891K, committed 18176K, reserved 1048576K
Event: 17389.009 GC heap after
Heap after GC invocations=42 (full 8):
 PSYoungGen      total 545280K, used 69604K [0x00000000d5580000, 0x0000000100000000, 0x0000000100000000)
  eden space 475648K, 0% used [0x00000000d5580000,0x00000000d5580000,0x00000000f2600000)
  from space 69632K, 99% used [0x00000000fbc00000,0x00000000ffff9060,0x0000000100000000)
  to   space 111616K, 0% used [0x00000000f2600000,0x00000000f2600000,0x00000000f9300000)
 ParOldGen       total 194048K, used 187282K [0x0000000080000000, 0x000000008bd80000, 0x00000000d5580000)
  object space 194048K, 96% used [0x0000000080000000,0x000000008b6e4a40,0x000000008bd80000)
 Metaspace       used 130808K, capacity 138680K, committed 139456K, reserved 1171456K
  class space    used 16477K, capacity 17891K, committed 18176K, reserved 1048576K
}
Event: 17389.010 GC heap before
{Heap before GC invocations=43 (full 9):
 PSYoungGen      total 545280K, used 69604K [0x00000000d5580000, 0x0000000100000000, 0x0000000100000000)
  eden space 475648K, 0% used [0x00000000d5580000,0x00000000d5580000,0x00000000f2600000)
  from space 69632K, 99% used [0x00000000fbc00000,0x00000000ffff9060,0x0000000100000000)
  to   space 111616K, 0% used [0x00000000f2600000,0x00000000f2600000,0x00000000f9300000)
 ParOldGen       total 194048K, used 187282K [0x0000000080000000, 0x000000008bd80000, 0x00000000d5580000)
  object space 194048K, 96% used [0x0000000080000000,0x000000008b6e4a40,0x000000008bd80000)
 Metaspace       used 130808K, capacity 138680K, committed 139456K, reserved 1171456K
  class space    used 16477K, capacity 17891K, committed 18176K, reserved 1048576K
Event: 17395.760 GC heap after
Heap after GC invocations=43 (full 9):
 PSYoungGen      total 545280K, used 12632K [0x00000000d5580000, 0x0000000100000000, 0x0000000100000000)
  eden space 475648K, 0% used [0x00000000d5580000,0x00000000d5580000,0x00000000f2600000)
  from space 69632K, 18% used [0x00000000fbc00000,0x00000000fc8560d0,0x0000000100000000)
  to   space 111616K, 0% used [0x00000000f2600000,0x00000000f2600000,0x00000000f9300000)
 ParOldGen       total 375808K, used 193620K [0x0000000080000000, 0x0000000096f00000, 0x00000000d5580000)
  object space 375808K, 51% used [0x0000000080000000,0x000000008bd15250,0x0000000096f00000)
 Metaspace       used 129991K, capacity 137138K, committed 139456K, reserved 1171456K
  class space    used 16313K, capacity 17594K, committed 18176K, reserved 1048576K
}
Event: 17401.592 GC heap before
{Heap before GC invocations=44 (full 9):
 PSYoungGen      total 545280K, used 488280K [0x00000000d5580000, 0x0000000100000000, 0x0000000100000000)
  eden space 475648K, 100% used [0x00000000d5580000,0x00000000f2600000,0x00000000f2600000)
  from space 69632K, 18% used [0x00000000fbc00000,0x00000000fc8560d0,0x0000000100000000)
  to   space 111616K, 0% used [0x00000000f2600000,0x00000000f2600000,0x00000000f9300000)
 ParOldGen       total 375808K, used 193620K [0x0000000080000000, 0x0000000096f00000, 0x00000000d5580000)
  object space 375808K, 51% used [0x0000000080000000,0x000000008bd15250,0x0000000096f00000)
 Metaspace       used 130464K, capacity 137680K, committed 139712K, reserved 1171456K
  class space    used 16346K, capacity 17621K, committed 18176K, reserved 1048576K
Event: 17402.206 GC heap after
Heap after GC invocations=44 (full 9):
 PSYoungGen      total 587264K, used 48976K [0x00000000d5580000, 0x0000000100000000, 0x0000000100000000)
  eden space 475648K, 0% used [0x00000000d5580000,0x00000000d5580000,0x00000000f2600000)
  from space 111616K, 43% used [0x00000000f2600000,0x00000000f55d4050,0x00000000f9300000)
  to   space 108032K, 0% used [0x00000000f9680000,0x00000000f9680000,0x0000000100000000)
 ParOldGen       total 375808K, used 193636K [0x0000000080000000, 0x0000000096f00000, 0x00000000d5580000)
  object space 375808K, 51% used [0x0000000080000000,0x000000008bd19250,0x0000000096f00000)
 Metaspace       used 130464K, capacity 137680K, committed 139712K, reserved 1171456K
  class space    used 16346K, capacity 17621K, committed 18176K, reserved 1048576K
}
Event: 17405.905 GC heap before
{Heap before GC invocations=45 (full 9):
 PSYoungGen      total 587264K, used 524624K [0x00000000d5580000, 0x0000000100000000, 0x0000000100000000)
  eden space 475648K, 100% used [0x00000000d5580000,0x00000000f2600000,0x00000000f2600000)
  from space 111616K, 43% used [0x00000000f2600000,0x00000000f55d4050,0x00000000f9300000)
  to   space 108032K, 0% used [0x00000000f9680000,0x00000000f9680000,0x0000000100000000)
 ParOldGen       total 375808K, used 193636K [0x0000000080000000, 0x0000000096f00000, 0x00000000d5580000)
  object space 375808K, 51% used [0x0000000080000000,0x000000008bd19250,0x0000000096f00000)
 Metaspace       used 130568K, capacity 137794K, committed 139712K, reserved 1171456K
  class space    used 16353K, capacity 17630K, committed 18176K, reserved 1048576K
Event: 17406.153 GC heap after
Heap after GC invocations=45 (full 9):
 PSYoungGen      total 571392K, used 43704K [0x00000000d5580000, 0x00000000ff080000, 0x0000000100000000)
  eden space 479232K, 0% used [0x00000000d5580000,0x00000000d5580000,0x00000000f2980000)
  from space 92160K, 47% used [0x00000000f9680000,0x00000000fc12e318,0x00000000ff080000)
  to   space 101888K, 0% used [0x00000000f2980000,0x00000000f2980000,0x00000000f8d00000)
 ParOldGen       total 375808K, used 193644K [0x0000000080000000, 0x0000000096f00000, 0x00000000d5580000)
  object space 375808K, 51% used [0x0000000080000000,0x000000008bd1b250,0x0000000096f00000)
 Metaspace       used 130568K, capacity 137794K, committed 139712K, reserved 1171456K
  class space    used 16353K, capacity 17630K, committed 18176K, reserved 1048576K
}
Event: 18333.706 GC heap before
{Heap before GC invocations=46 (full 9):
 PSYoungGen      total 571392K, used 522936K [0x00000000d5580000, 0x00000000ff080000, 0x0000000100000000)
  eden space 479232K, 100% used [0x00000000d5580000,0x00000000f2980000,0x00000000f2980000)
  from space 92160K, 47% used [0x00000000f9680000,0x00000000fc12e318,0x00000000ff080000)
  to   space 101888K, 0% used [0x00000000f2980000,0x00000000f2980000,0x00000000f8d00000)
 ParOldGen       total 375808K, used 193644K [0x0000000080000000, 0x0000000096f00000, 0x00000000d5580000)
  object space 375808K, 51% used [0x0000000080000000,0x000000008bd1b250,0x0000000096f00000)
 Metaspace       used 131766K, capacity 139326K, committed 140608K, reserved 1171456K
  class space    used 16527K, capacity 17886K, committed 18304K, reserved 1048576K
Event: 18334.710 GC heap after
Heap after GC invocations=46 (full 9):
 PSYoungGen      total 581120K, used 37312K [0x00000000d5580000, 0x00000000fff80000, 0x0000000100000000)
  eden space 479232K, 0% used [0x00000000d5580000,0x00000000d5580000,0x00000000f2980000)
  from space 101888K, 36% used [0x00000000f2980000,0x00000000f4df01e8,0x00000000f8d00000)
  to   space 96768K, 0% used [0x00000000fa100000,0x00000000fa100000,0x00000000fff80000)
 ParOldGen       total 375808K, used 193652K [0x0000000080000000, 0x0000000096f00000, 0x00000000d5580000)
  object space 375808K, 51% used [0x0000000080000000,0x000000008bd1d250,0x0000000096f00000)
 Metaspace       used 131766K, capacity 139326K, committed 140608K, reserved 1171456K
  class space    used 16527K, capacity 17886K, committed 18304K, reserved 1048576K
}

